C:\USERS\SHERD\DESKTOP\PROTECTING_ENVIRONMENT_1\PROTECTING_ENVIRONMENT_1\DEBUG\PROTECTING_ENVIRONMENT_1.PCH
C:\USERS\SHERD\DESKTOP\PROTECTING_ENVIRONMENT_1\PROTECTING_ENVIRONMENT_1\DEBUG\STDAFX.OBJ
C:\USERS\SHERD\DESKTOP\PROTECTING_ENVIRONMENT_1\PROTECTING_ENVIRONMENT_1\DEBUG\VC110.PDB
C:\USERS\SHERD\DESKTOP\PROTECTING_ENVIRONMENT_1\PROTECTING_ENVIRONMENT_1\DEBUG\PROTECTING_ENVORONMENT_1.OBJ
C:\USERS\SHERD\DESKTOP\PROTECTING_ENVIRONMENT_1\PROTECTING_ENVIRONMENT_1\DEBUG\FORM3.OBJ
C:\USERS\SHERD\DESKTOP\PROTECTING_ENVIRONMENT_1\PROTECTING_ENVIRONMENT_1\DEBUG\FORM2.OBJ
C:\USERS\SHERD\DESKTOP\PROTECTING_ENVIRONMENT_1\PROTECTING_ENVIRONMENT_1\DEBUG\ENVIRONMENT.OBJ
C:\USERS\SHERD\DESKTOP\PROTECTING_ENVIRONMENT_1\PROTECTING_ENVIRONMENT_1\DEBUG\ASSEMBLYINFO.OBJ
C:\USERS\SHERD\DESKTOP\PROTECTING_ENVIRONMENT_1\PROTECTING_ENVIRONMENT_1\DEBUG\.NETFRAMEWORK,VERSION=V4.5.ASSEMBLYATTRIBUTES.OBJ
C:\USERS\SHERD\DESKTOP\PROTECTING_ENVIRONMENT\PROTECTING_ENVIRONMENT_1\DEBUG\PROTECTING_ENVIRONMENT_1.PCH
C:\USERS\SHERD\DESKTOP\PROTECTING_ENVIRONMENT\PROTECTING_ENVIRONMENT_1\DEBUG\STDAFX.OBJ
C:\USERS\SHERD\DESKTOP\PROTECTING_ENVIRONMENT\PROTECTING_ENVIRONMENT_1\DEBUG\VC110.PDB
C:\USERS\SHERD\DESKTOP\PROTECTING_ENVIRONMENT\PROTECTING_ENVIRONMENT_1\DEBUG\PROTECTING_ENVORONMENT_1.OBJ
C:\USERS\SHERD\DESKTOP\PROTECTING_ENVIRONMENT\PROTECTING_ENVIRONMENT_1\DEBUG\FORM3.OBJ
C:\USERS\SHERD\DESKTOP\PROTECTING_ENVIRONMENT\PROTECTING_ENVIRONMENT_1\DEBUG\FORM2.OBJ
C:\USERS\SHERD\DESKTOP\PROTECTING_ENVIRONMENT\PROTECTING_ENVIRONMENT_1\DEBUG\ENVIRONMENT.OBJ
C:\USERS\SHERD\DESKTOP\PROTECTING_ENVIRONMENT\PROTECTING_ENVIRONMENT_1\DEBUG\ASSEMBLYINFO.OBJ
C:\USERS\SHERD\DESKTOP\PROTECTING_ENVIRONMENT_1\DEBUG\PROTECTING_ENVIRONMENT_1.ILK
C:\USERS\SHERD\DESKTOP\PROTECTING_ENVIRONMENT_1\DEBUG\PROTECTING_ENVIRONMENT_1.EXE
C:\USERS\SHERD\DESKTOP\PROTECTING_ENVIRONMENT_1\DEBUG\PROTECTING_ENVIRONMENT_1.PDB
C:\USERS\SHERD\DESKTOP\PROTECTING_ENVIRONMENT\DEBUG\PROTECTING_ENVIRONMENT_1.ILK
C:\USERS\SHERD\DESKTOP\PROTECTING_ENVIRONMENT\DEBUG\PROTECTING_ENVIRONMENT_1.EXE
C:\USERS\SHERD\DESKTOP\PROTECTING_ENVIRONMENT\DEBUG\PROTECTING_ENVIRONMENT_1.PDB
C:\Users\sherd\Desktop\protecting_environment_1\protecting_environment_1\Debug\protecting_environment_1.Form1.resources
C:\Users\sherd\Desktop\protecting_environment_1\protecting_environment_1\Debug\protecting_environment_1.Form2.resources
C:\Users\sherd\Desktop\protecting_environment_1\protecting_environment_1\Debug\protecting_environment_1.Form3.resources
C:\Users\sherd\Desktop\protecting_environment\protecting_environment_1\Debug\protecting_environment_1.Form1.resources
C:\Users\sherd\Desktop\protecting_environment\protecting_environment_1\Debug\protecting_environment_1.Form2.resources
C:\Users\sherd\Desktop\protecting_environment\protecting_environment_1\Debug\protecting_environment_1.Form3.resources
C:\USERS\SHERD\DESKTOP\PROTECTING_ENVIRONMENT_1\PROTECTING_ENVIRONMENT_1\DEBUG\APP.RES
C:\USERS\SHERD\DESKTOP\PROTECTING_ENVIRONMENT\PROTECTING_ENVIRONMENT_1\DEBUG\APP.RES
C:\Users\sherd\Desktop\protecting_environment\protecting_environment_1\Debug\protecting_environment_1.vcxproj.GenerateResource.Cache
C:\Users\sherd\Desktop\protecting_environment\protecting_environment_1\Debug\protecting_environment_1.vcxprojResolveAssemblyReference.cache
C:\Users\sherd\Desktop\protecting_environment\protecting_environment_1\Debug\.NETFramework,Version=v4.5.AssemblyAttributes.obj
C:\Users\sherd\Desktop\protecting_environment\protecting_environment_1\Debug\AssemblyInfo.obj
C:\Users\sherd\Desktop\protecting_environment\protecting_environment_1\Debug\environment.obj
C:\Users\sherd\Desktop\protecting_environment\protecting_environment_1\Debug\Form2.obj
C:\Users\sherd\Desktop\protecting_environment\protecting_environment_1\Debug\Form3.obj
C:\Users\sherd\Desktop\protecting_environment\protecting_environment_1\Debug\protecting_envoronment_1.obj
C:\Users\sherd\Desktop\protecting_environment\protecting_environment_1\Debug\stdafx.obj
C:\Users\sherd\Desktop\protecting_environment\protecting_environment_1\Debug\cl.command.1.tlog
C:\Users\sherd\Desktop\protecting_environment\protecting_environment_1\Debug\CL.read.1.tlog
C:\Users\sherd\Desktop\protecting_environment\protecting_environment_1\Debug\CL.write.1.tlog
C:\Users\sherd\Desktop\protecting_environment\protecting_environment_1\Debug\link.11236-cvtres.read.1.tlog
C:\Users\sherd\Desktop\protecting_environment\protecting_environment_1\Debug\link.11236-cvtres.write.1.tlog
C:\Users\sherd\Desktop\protecting_environment\protecting_environment_1\Debug\link.11236-rc.read.1.tlog
C:\Users\sherd\Desktop\protecting_environment\protecting_environment_1\Debug\link.11236-rc.write.1.tlog
C:\Users\sherd\Desktop\protecting_environment\protecting_environment_1\Debug\link.11236.read.1.tlog
C:\Users\sherd\Desktop\protecting_environment\protecting_environment_1\Debug\link.11236.write.1.tlog
C:\Users\sherd\Desktop\protecting_environment\protecting_environment_1\Debug\link.11688-cvtres.read.1.tlog
C:\Users\sherd\Desktop\protecting_environment\protecting_environment_1\Debug\link.11688-cvtres.write.1.tlog
C:\Users\sherd\Desktop\protecting_environment\protecting_environment_1\Debug\link.11688-rc.read.1.tlog
C:\Users\sherd\Desktop\protecting_environment\protecting_environment_1\Debug\link.11688-rc.write.1.tlog
C:\Users\sherd\Desktop\protecting_environment\protecting_environment_1\Debug\link.11688.read.1.tlog
C:\Users\sherd\Desktop\protecting_environment\protecting_environment_1\Debug\link.11688.write.1.tlog
C:\Users\sherd\Desktop\protecting_environment\protecting_environment_1\Debug\link.1272-cvtres.read.1.tlog
C:\Users\sherd\Desktop\protecting_environment\protecting_environment_1\Debug\link.1272-cvtres.write.1.tlog
C:\Users\sherd\Desktop\protecting_environment\protecting_environment_1\Debug\link.1272-rc.read.1.tlog
C:\Users\sherd\Desktop\protecting_environment\protecting_environment_1\Debug\link.1272-rc.write.1.tlog
C:\Users\sherd\Desktop\protecting_environment\protecting_environment_1\Debug\link.1272.read.1.tlog
C:\Users\sherd\Desktop\protecting_environment\protecting_environment_1\Debug\link.1272.write.1.tlog
C:\Users\sherd\Desktop\protecting_environment\protecting_environment_1\Debug\link.13132-cvtres.read.1.tlog
C:\Users\sherd\Desktop\protecting_environment\protecting_environment_1\Debug\link.13132-cvtres.write.1.tlog
C:\Users\sherd\Desktop\protecting_environment\protecting_environment_1\Debug\link.13132-rc.read.1.tlog
C:\Users\sherd\Desktop\protecting_environment\protecting_environment_1\Debug\link.13132-rc.write.1.tlog
C:\Users\sherd\Desktop\protecting_environment\protecting_environment_1\Debug\link.13132.read.1.tlog
C:\Users\sherd\Desktop\protecting_environment\protecting_environment_1\Debug\link.13132.write.1.tlog
C:\Users\sherd\Desktop\protecting_environment\protecting_environment_1\Debug\link.1344-cvtres.read.1.tlog
C:\Users\sherd\Desktop\protecting_environment\protecting_environment_1\Debug\link.1344-cvtres.write.1.tlog
C:\Users\sherd\Desktop\protecting_environment\protecting_environment_1\Debug\link.1344-rc.read.1.tlog
C:\Users\sherd\Desktop\protecting_environment\protecting_environment_1\Debug\link.1344-rc.write.1.tlog
C:\Users\sherd\Desktop\protecting_environment\protecting_environment_1\Debug\link.1344.read.1.tlog
C:\Users\sherd\Desktop\protecting_environment\protecting_environment_1\Debug\link.1344.write.1.tlog
C:\Users\sherd\Desktop\protecting_environment\protecting_environment_1\Debug\link.14292-cvtres.read.1.tlog
C:\Users\sherd\Desktop\protecting_environment\protecting_environment_1\Debug\link.14292-cvtres.write.1.tlog
C:\Users\sherd\Desktop\protecting_environment\protecting_environment_1\Debug\link.14292-rc.read.1.tlog
C:\Users\sherd\Desktop\protecting_environment\protecting_environment_1\Debug\link.14292-rc.write.1.tlog
C:\Users\sherd\Desktop\protecting_environment\protecting_environment_1\Debug\link.14292.read.1.tlog
C:\Users\sherd\Desktop\protecting_environment\protecting_environment_1\Debug\link.14292.write.1.tlog
C:\Users\sherd\Desktop\protecting_environment\protecting_environment_1\Debug\link.15436-cvtres.read.1.tlog
C:\Users\sherd\Desktop\protecting_environment\protecting_environment_1\Debug\link.15436-cvtres.write.1.tlog
C:\Users\sherd\Desktop\protecting_environment\protecting_environment_1\Debug\link.15436-rc.read.1.tlog
C:\Users\sherd\Desktop\protecting_environment\protecting_environment_1\Debug\link.15436-rc.write.1.tlog
C:\Users\sherd\Desktop\protecting_environment\protecting_environment_1\Debug\link.15436.read.1.tlog
C:\Users\sherd\Desktop\protecting_environment\protecting_environment_1\Debug\link.15436.write.1.tlog
C:\Users\sherd\Desktop\protecting_environment\protecting_environment_1\Debug\link.17012-cvtres.read.1.tlog
C:\Users\sherd\Desktop\protecting_environment\protecting_environment_1\Debug\link.17012-cvtres.write.1.tlog
C:\Users\sherd\Desktop\protecting_environment\protecting_environment_1\Debug\link.17012-rc.read.1.tlog
C:\Users\sherd\Desktop\protecting_environment\protecting_environment_1\Debug\link.17012-rc.write.1.tlog
C:\Users\sherd\Desktop\protecting_environment\protecting_environment_1\Debug\link.17012.read.1.tlog
C:\Users\sherd\Desktop\protecting_environment\protecting_environment_1\Debug\link.17012.write.1.tlog
C:\Users\sherd\Desktop\protecting_environment\protecting_environment_1\Debug\link.18688-cvtres.read.1.tlog
C:\Users\sherd\Desktop\protecting_environment\protecting_environment_1\Debug\link.18688-cvtres.write.1.tlog
C:\Users\sherd\Desktop\protecting_environment\protecting_environment_1\Debug\link.18688-rc.read.1.tlog
C:\Users\sherd\Desktop\protecting_environment\protecting_environment_1\Debug\link.18688-rc.write.1.tlog
C:\Users\sherd\Desktop\protecting_environment\protecting_environment_1\Debug\link.18688.read.1.tlog
C:\Users\sherd\Desktop\protecting_environment\protecting_environment_1\Debug\link.18688.write.1.tlog
C:\Users\sherd\Desktop\protecting_environment\protecting_environment_1\Debug\link.19104-cvtres.read.1.tlog
C:\Users\sherd\Desktop\protecting_environment\protecting_environment_1\Debug\link.19104-cvtres.write.1.tlog
C:\Users\sherd\Desktop\protecting_environment\protecting_environment_1\Debug\link.19104-rc.read.1.tlog
C:\Users\sherd\Desktop\protecting_environment\protecting_environment_1\Debug\link.19104-rc.write.1.tlog
C:\Users\sherd\Desktop\protecting_environment\protecting_environment_1\Debug\link.19104.read.1.tlog
C:\Users\sherd\Desktop\protecting_environment\protecting_environment_1\Debug\link.19104.write.1.tlog
C:\Users\sherd\Desktop\protecting_environment\protecting_environment_1\Debug\link.21792-cvtres.read.1.tlog
C:\Users\sherd\Desktop\protecting_environment\protecting_environment_1\Debug\link.21792-cvtres.write.1.tlog
C:\Users\sherd\Desktop\protecting_environment\protecting_environment_1\Debug\link.21792-rc.read.1.tlog
C:\Users\sherd\Desktop\protecting_environment\protecting_environment_1\Debug\link.21792-rc.write.1.tlog
C:\Users\sherd\Desktop\protecting_environment\protecting_environment_1\Debug\link.21792.read.1.tlog
C:\Users\sherd\Desktop\protecting_environment\protecting_environment_1\Debug\link.21792.write.1.tlog
C:\Users\sherd\Desktop\protecting_environment\protecting_environment_1\Debug\link.22748-cvtres.read.1.tlog
C:\Users\sherd\Desktop\protecting_environment\protecting_environment_1\Debug\link.22748-cvtres.write.1.tlog
C:\Users\sherd\Desktop\protecting_environment\protecting_environment_1\Debug\link.22748-rc.read.1.tlog
C:\Users\sherd\Desktop\protecting_environment\protecting_environment_1\Debug\link.22748-rc.write.1.tlog
C:\Users\sherd\Desktop\protecting_environment\protecting_environment_1\Debug\link.22748.read.1.tlog
C:\Users\sherd\Desktop\protecting_environment\protecting_environment_1\Debug\link.22748.write.1.tlog
C:\Users\sherd\Desktop\protecting_environment\protecting_environment_1\Debug\link.22888-cvtres.read.1.tlog
C:\Users\sherd\Desktop\protecting_environment\protecting_environment_1\Debug\link.22888-cvtres.write.1.tlog
C:\Users\sherd\Desktop\protecting_environment\protecting_environment_1\Debug\link.22888-rc.read.1.tlog
C:\Users\sherd\Desktop\protecting_environment\protecting_environment_1\Debug\link.22888-rc.write.1.tlog
C:\Users\sherd\Desktop\protecting_environment\protecting_environment_1\Debug\link.22888.read.1.tlog
C:\Users\sherd\Desktop\protecting_environment\protecting_environment_1\Debug\link.22888.write.1.tlog
C:\Users\sherd\Desktop\protecting_environment\protecting_environment_1\Debug\link.23408-cvtres.read.1.tlog
C:\Users\sherd\Desktop\protecting_environment\protecting_environment_1\Debug\link.23408-cvtres.write.1.tlog
C:\Users\sherd\Desktop\protecting_environment\protecting_environment_1\Debug\link.23408-rc.read.1.tlog
C:\Users\sherd\Desktop\protecting_environment\protecting_environment_1\Debug\link.23408-rc.write.1.tlog
C:\Users\sherd\Desktop\protecting_environment\protecting_environment_1\Debug\link.23408.read.1.tlog
C:\Users\sherd\Desktop\protecting_environment\protecting_environment_1\Debug\link.23408.write.1.tlog
C:\Users\sherd\Desktop\protecting_environment\protecting_environment_1\Debug\link.3956-cvtres.read.1.tlog
C:\Users\sherd\Desktop\protecting_environment\protecting_environment_1\Debug\link.3956-cvtres.write.1.tlog
C:\Users\sherd\Desktop\protecting_environment\protecting_environment_1\Debug\link.3956-rc.read.1.tlog
C:\Users\sherd\Desktop\protecting_environment\protecting_environment_1\Debug\link.3956-rc.write.1.tlog
C:\Users\sherd\Desktop\protecting_environment\protecting_environment_1\Debug\link.3956.read.1.tlog
C:\Users\sherd\Desktop\protecting_environment\protecting_environment_1\Debug\link.3956.write.1.tlog
C:\Users\sherd\Desktop\protecting_environment\protecting_environment_1\Debug\link.7200-cvtres.read.1.tlog
C:\Users\sherd\Desktop\protecting_environment\protecting_environment_1\Debug\link.7200-cvtres.write.1.tlog
C:\Users\sherd\Desktop\protecting_environment\protecting_environment_1\Debug\link.7200-rc.read.1.tlog
C:\Users\sherd\Desktop\protecting_environment\protecting_environment_1\Debug\link.7200-rc.write.1.tlog
C:\Users\sherd\Desktop\protecting_environment\protecting_environment_1\Debug\link.7200.read.1.tlog
C:\Users\sherd\Desktop\protecting_environment\protecting_environment_1\Debug\link.7200.write.1.tlog
C:\Users\sherd\Desktop\protecting_environment\protecting_environment_1\Debug\link.7456-cvtres.read.1.tlog
C:\Users\sherd\Desktop\protecting_environment\protecting_environment_1\Debug\link.7456-cvtres.write.1.tlog
C:\Users\sherd\Desktop\protecting_environment\protecting_environment_1\Debug\link.7456-rc.read.1.tlog
C:\Users\sherd\Desktop\protecting_environment\protecting_environment_1\Debug\link.7456-rc.write.1.tlog
C:\Users\sherd\Desktop\protecting_environment\protecting_environment_1\Debug\link.7456.read.1.tlog
C:\Users\sherd\Desktop\protecting_environment\protecting_environment_1\Debug\link.7456.write.1.tlog
C:\Users\sherd\Desktop\protecting_environment\protecting_environment_1\Debug\link.command.1.tlog
C:\Users\sherd\Desktop\protecting_environment\protecting_environment_1\Debug\link.read.1.tlog
C:\Users\sherd\Desktop\protecting_environment\protecting_environment_1\Debug\link.write.1.tlog
C:\Users\sherd\Desktop\protecting_environment\protecting_environment_1\Debug\metagen.read.1.tlog
C:\Users\sherd\Desktop\protecting_environment\protecting_environment_1\Debug\metagen.write.1.tlog
C:\Users\sherd\Desktop\protecting_environment\protecting_environment_1\Debug\protecting_environment_1.write.1.tlog
C:\Users\sherd\Desktop\protecting_environment\protecting_environment_1\Debug\rc.command.1.tlog
C:\Users\sherd\Desktop\protecting_environment\protecting_environment_1\Debug\rc.read.1.tlog
C:\Users\sherd\Desktop\protecting_environment\protecting_environment_1\Debug\rc.write.1.tlog
C:\Users\sherd\Desktop\protecting_environment\protecting_environment_1\Debug\app.res
C:\Users\sherd\Desktop\protecting_environment\protecting_environment_1\Debug\protecting_environment_1.pch
C:\Users\sherd\Desktop\protecting_environment\protecting_environment_1\Debug\vc110.pdb
C:\Users\sherd\Desktop\protecting_environment\protecting_environment_1\Debug\TZRES.DLL.bi
C:\Users\sherd\Desktop\protecting_environment\Debug\protecting_environment_1.pdb
C:\Users\sherd\Desktop\protecting_environment\Debug\protecting_environment_1.exe
C:\Users\sherd\Desktop\protecting_environment\Debug\protecting_environment_1.ilk
