Build started 5/15/2025 9:01:05 PM.
     1>Project "C:\Users\sherd\Desktop\protecting_environment\protecting_environment_1\protecting_environment_1.vcxproj" on node 2 (Build target(s)).
     1>ClCompile:
         C:\Program Files (x86)\Microsoft Visual Studio 11.0\VC\bin\CL.exe /c /AI"C:\Program Files (x86)\Reference Assemblies\Microsoft\Framework\.NETFramework\v4.5\\" /AI"C:\Program Files (x86)\Windows Kits\8.0\References\CommonConfiguration\Neutral" /AI"C:\Program Files (x86)\Reference Assemblies\Microsoft\Framework\.NETFramework\v4.5\Facades\\" /Zi /clr:pure /nologo /W3 /WX- /Od /Oy- /D WIN32 /D _DEBUG /D _UNICODE /D UNICODE /EHa /MDd /GS /fp:precise /Zc:wchar_t /Zc:forScope /Yu"stdafx.h" /Fp"Debug\protecting_environment_1.pch" /Fo"Debug\\" /Fd"Debug\vc110.pdb" /TP /FU"C:\Program Files (x86)\Reference Assemblies\Microsoft\Framework\.NETFramework\v4.5\mscorlib.dll" /FU"C:\Program Files (x86)\Reference Assemblies\Microsoft\Framework\.NETFramework\v4.5\System.Data.dll" /FU"C:\Program Files (x86)\Reference Assemblies\Microsoft\Framework\.NETFramework\v4.5\System.dll" /FU"C:\Program Files (x86)\Reference Assemblies\Microsoft\Framework\.NETFramework\v4.5\System.Drawing.dll" /FU"C:\Program Files (x86)\Reference Assemblies\Microsoft\Framework\.NETFramework\v4.5\System.Windows.Forms.dll" /FU"C:\Program Files (x86)\Reference Assemblies\Microsoft\Framework\.NETFramework\v4.5\System.Xml.dll" /analyze- /errorReport:prompt /clr:nostdlib Form2.cpp protecting_envoronment_1.cpp
         Form2.cpp
         protecting_envoronment_1.cpp
         Generating Code...
       Link:
         C:\Program Files (x86)\Microsoft Visual Studio 11.0\VC\bin\link.exe /ERRORREPORT:PROMPT /OUT:"C:\Users\sherd\Desktop\protecting_environment\Debug\protecting_environment_1.exe" /INCREMENTAL /NOLOGO /ASSEMBLYRESOURCE:Debug\protecting_environment_1.Form1.resources /ASSEMBLYRESOURCE:Debug\protecting_environment_1.Form2.resources /ASSEMBLYRESOURCE:Debug\protecting_environment_1.Form3.resources /MANIFEST /MANIFESTUAC:"level='asInvoker' uiAccess='false'" /manifest:embed /DEBUG /PDB:"C:\Users\sherd\Desktop\protecting_environment\Debug\protecting_environment_1.pdb" /ASSEMBLYDEBUG /SUBSYSTEM:WINDOWS /TLBID:1 /ENTRY:"main" /DYNAMICBASE /FIXED:NO /NXCOMPAT /MACHINE:X86 Debug\app.res
         Debug\AssemblyInfo.obj
         Debug\environment.obj
         Debug\Form2.obj
         Debug\Form3.obj
         Debug\protecting_envoronment_1.obj
         Debug\stdafx.obj
         "Debug\.NETFramework,Version=v4.5.AssemblyAttributes.obj"
         protecting_environment_1.vcxproj -> C:\Users\sherd\Desktop\protecting_environment\Debug\protecting_environment_1.exe
     1>Done Building Project "C:\Users\sherd\Desktop\protecting_environment\protecting_environment_1\protecting_environment_1.vcxproj" (Build target(s)).

Build succeeded.

Time Elapsed 00:00:01.32
